2024-10-07 18:12:46,659 - [31m[1mWARNING: This is a development server. Do not use it in a production deployment. Use a production WSGI server instead.[0m
 * Running on http://127.0.0.1:5000
2024-10-07 18:12:46,659 - [33mPress CTRL+C to quit[0m
2024-10-07 18:12:46,676 -  * Restarting with watchdog (windowsapi)
2024-10-07 18:12:48,103 -  * Debugger is active!
2024-10-07 18:12:48,106 -  * Debugger PIN: 913-570-800
2024-10-07 18:15:12,423 - Received text: hii
2024-10-07 18:15:12,480 - Prediction: Spam, Probability: 0.4731
2024-10-07 18:15:12,481 - 127.0.0.1 - - [07/Oct/2024 18:15:12] "POST /predict HTTP/1.1" 200 -
2024-10-07 18:15:42,209 - Received text: "Congratulations! You’ve won a $1000 gift card. Click the link to claim it now!"
2024-10-07 18:15:42,223 - Prediction: Spam, Probability: 1.0000
2024-10-07 18:15:42,223 - 127.0.0.1 - - [07/Oct/2024 18:15:42] "POST /predict HTTP/1.1" 200 -
2024-10-07 18:15:51,886 - Received text: "Free money just for you. Don’t miss this limited time offer. Act fast!"
2024-10-07 18:15:51,897 - Prediction: Not Spam, Probability: 0.4205
2024-10-07 18:15:51,898 - 127.0.0.1 - - [07/Oct/2024 18:15:51] "POST /predict HTTP/1.1" 200 -
2024-10-07 18:16:03,060 - Received text: "Hey, let's catch up for coffee tomorrow!"
2024-10-07 18:16:03,067 - Prediction: Not Spam, Probability: 0.0007
2024-10-07 18:16:03,068 - 127.0.0.1 - - [07/Oct/2024 18:16:03] "POST /predict HTTP/1.1" 200 -
2024-10-07 18:16:13,046 - Received text: "Please review the attached document and let me know your feedback."
2024-10-07 18:16:13,056 - Prediction: Not Spam, Probability: 0.0094
2024-10-07 18:16:13,056 - 127.0.0.1 - - [07/Oct/2024 18:16:13] "POST /predict HTTP/1.1" 200 -
2024-10-07 18:16:23,643 - Received text: "Claim your discount on our products by using this coupon."
2024-10-07 18:16:23,650 - Prediction: Spam, Probability: 0.9832
2024-10-07 18:16:23,651 - 127.0.0.1 - - [07/Oct/2024 18:16:23] "POST /predict HTTP/1.1" 200 -
2024-10-07 18:16:35,599 - Received text: "Don’t miss out on this opportunity. Limited time deal!"
2024-10-07 18:16:35,608 - Prediction: Not Spam, Probability: 0.0017
2024-10-07 18:16:35,609 - 127.0.0.1 - - [07/Oct/2024 18:16:35] "POST /predict HTTP/1.1" 200 -
2024-10-07 18:16:39,274 - Received text: hii

2024-10-07 18:16:39,279 - Prediction: Spam, Probability: 0.4731
2024-10-07 18:16:39,279 - 127.0.0.1 - - [07/Oct/2024 18:16:39] "POST /predict HTTP/1.1" 200 -
2024-10-07 18:16:44,616 - Received text: how are u
2024-10-07 18:16:44,622 - Prediction: Spam, Probability: 0.4731
2024-10-07 18:16:44,623 - 127.0.0.1 - - [07/Oct/2024 18:16:44] "POST /predict HTTP/1.1" 200 -
2024-10-07 18:16:49,355 - Received text: no no
2024-10-07 18:16:49,363 - Prediction: Spam, Probability: 0.4731
2024-10-07 18:16:49,364 - 127.0.0.1 - - [07/Oct/2024 18:16:49] "POST /predict HTTP/1.1" 200 -
2024-10-07 18:16:54,378 - Received text: i love you
2024-10-07 18:16:54,385 - Prediction: Not Spam, Probability: 0.0002
2024-10-07 18:16:54,385 - 127.0.0.1 - - [07/Oct/2024 18:16:54] "POST /predict HTTP/1.1" 200 -
2024-10-07 18:19:20,785 - [31m[1mWARNING: This is a development server. Do not use it in a production deployment. Use a production WSGI server instead.[0m
 * Running on http://127.0.0.1:5000
2024-10-07 18:19:20,785 - [33mPress CTRL+C to quit[0m
2024-10-07 18:19:20,797 -  * Restarting with watchdog (windowsapi)
2024-10-07 18:19:22,205 -  * Debugger is active!
2024-10-07 18:19:22,208 -  * Debugger PIN: 913-570-800
2024-10-07 18:19:38,359 - Received text: i love you
2024-10-07 18:19:38,373 -  * Detected change in 'C:\\Users\\Pallav\\AppData\\Local\\Programs\\Python\\Python311\\Lib\\site-packages\\sklearn\\naive_bayes.py', reloading
2024-10-07 18:19:38,392 -  * Detected change in 'C:\\Users\\Pallav\\AppData\\Local\\Programs\\Python\\Python311\\Lib\\site-packages\\sklearn\\base.py', reloading
2024-10-07 18:19:38,442 -  * Detected change in 'C:\\Users\\Pallav\\AppData\\Local\\Programs\\Python\\Python311\\Lib\\site-packages\\sklearn\\utils\\validation.py', reloading
2024-10-07 18:19:38,445 - 127.0.0.1 - - [07/Oct/2024 18:19:38] "[35m[1mPOST /predict HTTP/1.1[0m" 500 -
2024-10-07 18:19:39,436 -  * Restarting with watchdog (windowsapi)
2024-10-07 18:19:40,950 -  * Debugger is active!
2024-10-07 18:19:40,952 -  * Debugger PIN: 913-570-800
2024-10-07 18:19:40,974 - Received text: i love you
2024-10-07 18:19:40,986 - 127.0.0.1 - - [07/Oct/2024 18:19:40] "[35m[1mPOST /predict HTTP/1.1[0m" 500 -
2024-10-07 18:20:08,662 -  * Detected change in 'C:\\Users\\Pallav\\AppData\\Local\\Programs\\Python\\Python311\\Lib\\site-packages\\streamlit\\config.py', reloading
2024-10-07 18:20:08,686 -  * Detected change in 'C:\\Users\\Pallav\\AppData\\Local\\Programs\\Python\\Python311\\Lib\\site-packages\\streamlit\\delta_generator_singletons.py', reloading
2024-10-07 18:20:08,693 -  * Detected change in 'C:\\Users\\Pallav\\AppData\\Local\\Programs\\Python\\Python311\\Lib\\site-packages\\streamlit\\delta_generator.py', reloading
2024-10-07 18:20:08,722 -  * Detected change in 'C:\\Users\\Pallav\\AppData\\Local\\Programs\\Python\\Python311\\Lib\\site-packages\\streamlit\\elements\\alert.py', reloading
2024-10-07 18:20:08,726 -  * Detected change in 'C:\\Users\\Pallav\\AppData\\Local\\Programs\\Python\\Python311\\Lib\\site-packages\\streamlit\\elements\\widgets\\audio_input.py', reloading
2024-10-07 18:20:08,730 -  * Detected change in 'C:\\Users\\Pallav\\AppData\\Local\\Programs\\Python\\Python311\\Lib\\site-packages\\streamlit\\elements\\balloons.py', reloading
2024-10-07 18:20:08,731 -  * Detected change in 'C:\\Users\\Pallav\\AppData\\Local\\Programs\\Python\\Python311\\Lib\\site-packages\\streamlit\\elements\\bokeh_chart.py', reloading
2024-10-07 18:20:08,736 -  * Detected change in 'C:\\Users\\Pallav\\AppData\\Local\\Programs\\Python\\Python311\\Lib\\site-packages\\streamlit\\elements\\widgets\\button.py', reloading
2024-10-07 18:20:08,750 -  * Detected change in 'C:\\Users\\Pallav\\AppData\\Local\\Programs\\Python\\Python311\\Lib\\site-packages\\streamlit\\elements\\widgets\\button_group.py', reloading
2024-10-07 18:20:08,757 -  * Detected change in 'C:\\Users\\Pallav\\AppData\\Local\\Programs\\Python\\Python311\\Lib\\site-packages\\streamlit\\elements\\widgets\\camera_input.py', reloading
2024-10-07 18:20:08,760 -  * Detected change in 'C:\\Users\\Pallav\\AppData\\Local\\Programs\\Python\\Python311\\Lib\\site-packages\\streamlit\\elements\\widgets\\chat.py', reloading
2024-10-07 18:20:08,763 -  * Detected change in 'C:\\Users\\Pallav\\AppData\\Local\\Programs\\Python\\Python311\\Lib\\site-packages\\streamlit\\elements\\widgets\\checkbox.py', reloading
2024-10-07 18:20:08,767 -  * Detected change in 'C:\\Users\\Pallav\\AppData\\Local\\Programs\\Python\\Python311\\Lib\\site-packages\\streamlit\\elements\\code.py', reloading
2024-10-07 18:20:08,768 -  * Detected change in 'C:\\Users\\Pallav\\AppData\\Local\\Programs\\Python\\Python311\\Lib\\site-packages\\streamlit\\elements\\widgets\\color_picker.py', reloading
2024-10-07 18:20:08,771 -  * Detected change in 'C:\\Users\\Pallav\\AppData\\Local\\Programs\\Python\\Python311\\Lib\\site-packages\\streamlit\\elements\\empty.py', reloading
2024-10-07 18:20:08,775 -  * Detected change in 'C:\\Users\\Pallav\\AppData\\Local\\Programs\\Python\\Python311\\Lib\\site-packages\\streamlit\\elements\\exception.py', reloading
2024-10-07 18:20:08,777 -  * Detected change in 'C:\\Users\\Pallav\\AppData\\Local\\Programs\\Python\\Python311\\Lib\\site-packages\\streamlit\\elements\\widgets\\file_uploader.py', reloading
2024-10-07 18:20:08,781 -  * Detected change in 'C:\\Users\\Pallav\\AppData\\Local\\Programs\\Python\\Python311\\Lib\\site-packages\\streamlit\\elements\\form.py', reloading
2024-10-07 18:20:08,784 -  * Detected change in 'C:\\Users\\Pallav\\AppData\\Local\\Programs\\Python\\Python311\\Lib\\site-packages\\streamlit\\elements\\graphviz_chart.py', reloading
2024-10-07 18:20:08,786 -  * Detected change in 'C:\\Users\\Pallav\\AppData\\Local\\Programs\\Python\\Python311\\Lib\\site-packages\\streamlit\\elements\\heading.py', reloading
2024-10-07 18:20:08,791 -  * Detected change in 'C:\\Users\\Pallav\\AppData\\Local\\Programs\\Python\\Python311\\Lib\\site-packages\\streamlit\\elements\\doc_string.py', reloading
2024-10-07 18:20:08,799 -  * Detected change in 'C:\\Users\\Pallav\\AppData\\Local\\Programs\\Python\\Python311\\Lib\\site-packages\\streamlit\\elements\\html.py', reloading
2024-10-07 18:20:08,801 -  * Detected change in 'C:\\Users\\Pallav\\AppData\\Local\\Programs\\Python\\Python311\\Lib\\site-packages\\streamlit\\elements\\iframe.py', reloading
2024-10-07 18:20:08,803 -  * Detected change in 'C:\\Users\\Pallav\\AppData\\Local\\Programs\\Python\\Python311\\Lib\\site-packages\\streamlit\\elements\\image.py', reloading
2024-10-07 18:20:08,815 -  * Detected change in 'C:\\Users\\Pallav\\AppData\\Local\\Programs\\Python\\Python311\\Lib\\site-packages\\streamlit\\elements\\layouts.py', reloading
2024-10-07 18:20:08,818 -  * Detected change in 'C:\\Users\\Pallav\\AppData\\Local\\Programs\\Python\\Python311\\Lib\\site-packages\\streamlit\\elements\\markdown.py', reloading
2024-10-07 18:20:08,821 -  * Detected change in 'C:\\Users\\Pallav\\AppData\\Local\\Programs\\Python\\Python311\\Lib\\site-packages\\streamlit\\elements\\map.py', reloading
2024-10-07 18:20:08,829 -  * Detected change in 'C:\\Users\\Pallav\\AppData\\Local\\Programs\\Python\\Python311\\Lib\\site-packages\\streamlit\\elements\\media.py', reloading
2024-10-07 18:20:08,836 -  * Detected change in 'C:\\Users\\Pallav\\AppData\\Local\\Programs\\Python\\Python311\\Lib\\site-packages\\streamlit\\elements\\metric.py', reloading
2024-10-07 18:20:08,840 -  * Detected change in 'C:\\Users\\Pallav\\AppData\\Local\\Programs\\Python\\Python311\\Lib\\site-packages\\streamlit\\elements\\widgets\\multiselect.py', reloading
2024-10-07 18:20:08,843 -  * Detected change in 'C:\\Users\\Pallav\\AppData\\Local\\Programs\\Python\\Python311\\Lib\\site-packages\\streamlit\\elements\\widgets\\number_input.py', reloading
2024-10-07 18:20:08,848 -  * Detected change in 'C:\\Users\\Pallav\\AppData\\Local\\Programs\\Python\\Python311\\Lib\\site-packages\\streamlit\\elements\\plotly_chart.py', reloading
2024-10-07 18:20:08,859 -  * Detected change in 'C:\\Users\\Pallav\\AppData\\Local\\Programs\\Python\\Python311\\Lib\\site-packages\\streamlit\\elements\\progress.py', reloading
2024-10-07 18:20:08,862 -  * Detected change in 'C:\\Users\\Pallav\\AppData\\Local\\Programs\\Python\\Python311\\Lib\\site-packages\\streamlit\\elements\\deck_gl_json_chart.py', reloading
2024-10-07 18:20:08,866 -  * Detected change in 'C:\\Users\\Pallav\\AppData\\Local\\Programs\\Python\\Python311\\Lib\\site-packages\\streamlit\\elements\\pyplot.py', reloading
2024-10-07 18:20:08,869 -  * Detected change in 'C:\\Users\\Pallav\\AppData\\Local\\Programs\\Python\\Python311\\Lib\\site-packages\\streamlit\\elements\\widgets\\radio.py', reloading
2024-10-07 18:20:08,873 -  * Detected change in 'C:\\Users\\Pallav\\AppData\\Local\\Programs\\Python\\Python311\\Lib\\site-packages\\streamlit\\elements\\widgets\\selectbox.py', reloading
2024-10-07 18:20:08,876 -  * Detected change in 'C:\\Users\\Pallav\\AppData\\Local\\Programs\\Python\\Python311\\Lib\\site-packages\\streamlit\\elements\\widgets\\select_slider.py', reloading
2024-10-07 18:20:08,879 -  * Detected change in 'C:\\Users\\Pallav\\AppData\\Local\\Programs\\Python\\Python311\\Lib\\site-packages\\streamlit\\elements\\widgets\\slider.py', reloading
2024-10-07 18:20:08,884 -  * Detected change in 'C:\\Users\\Pallav\\AppData\\Local\\Programs\\Python\\Python311\\Lib\\site-packages\\streamlit\\elements\\snow.py', reloading
2024-10-07 18:20:08,885 -  * Detected change in 'C:\\Users\\Pallav\\AppData\\Local\\Programs\\Python\\Python311\\Lib\\site-packages\\streamlit\\elements\\json.py', reloading
2024-10-07 18:20:08,887 -  * Detected change in 'C:\\Users\\Pallav\\AppData\\Local\\Programs\\Python\\Python311\\Lib\\site-packages\\streamlit\\elements\\text.py', reloading
2024-10-07 18:20:08,888 -  * Detected change in 'C:\\Users\\Pallav\\AppData\\Local\\Programs\\Python\\Python311\\Lib\\site-packages\\streamlit\\elements\\widgets\\text_widgets.py', reloading
2024-10-07 18:20:08,893 -  * Detected change in 'C:\\Users\\Pallav\\AppData\\Local\\Programs\\Python\\Python311\\Lib\\site-packages\\streamlit\\elements\\widgets\\time_widgets.py', reloading
2024-10-07 18:20:08,920 -  * Detected change in 'C:\\Users\\Pallav\\AppData\\Local\\Programs\\Python\\Python311\\Lib\\site-packages\\streamlit\\elements\\toast.py', reloading
2024-10-07 18:20:08,927 -  * Detected change in 'C:\\Users\\Pallav\\AppData\\Local\\Programs\\Python\\Python311\\Lib\\site-packages\\streamlit\\elements\\write.py', reloading
2024-10-07 18:20:08,928 -  * Detected change in 'C:\\Users\\Pallav\\AppData\\Local\\Programs\\Python\\Python311\\Lib\\site-packages\\streamlit\\elements\\arrow.py', reloading
2024-10-07 18:20:08,939 -  * Detected change in 'C:\\Users\\Pallav\\AppData\\Local\\Programs\\Python\\Python311\\Lib\\site-packages\\streamlit\\elements\\vega_charts.py', reloading
2024-10-07 18:20:08,956 -  * Detected change in 'C:\\Users\\Pallav\\AppData\\Local\\Programs\\Python\\Python311\\Lib\\site-packages\\streamlit\\elements\\widgets\\data_editor.py', reloading
2024-10-07 18:20:08,969 -  * Detected change in 'C:\\Users\\Pallav\\AppData\\Local\\Programs\\Python\\Python311\\Lib\\site-packages\\streamlit\\elements\\lib\\mutable_status_container.py', reloading
2024-10-07 18:20:08,979 -  * Detected change in 'C:\\Users\\Pallav\\AppData\\Local\\Programs\\Python\\Python311\\Lib\\site-packages\\streamlit\\elements\\lib\\dialog.py', reloading
2024-10-07 18:20:09,005 -  * Detected change in 'C:\\Users\\Pallav\\AppData\\Local\\Programs\\Python\\Python311\\Lib\\site-packages\\streamlit\\cursor.py', reloading
2024-10-07 18:20:09,007 -  * Detected change in 'C:\\Users\\Pallav\\AppData\\Local\\Programs\\Python\\Python311\\Lib\\site-packages\\streamlit\\runtime\\metrics_util.py', reloading
2024-10-07 18:20:09,012 -  * Detected change in 'C:\\Users\\Pallav\\AppData\\Local\\Programs\\Python\\Python311\\Lib\\site-packages\\streamlit\\logger.py', reloading
2024-10-07 18:20:09,015 -  * Detected change in 'C:\\Users\\Pallav\\AppData\\Local\\Programs\\Python\\Python311\\Lib\\site-packages\\streamlit\\type_util.py', reloading
2024-10-07 18:20:09,022 -  * Detected change in 'C:\\Users\\Pallav\\AppData\\Local\\Programs\\Python\\Python311\\Lib\\site-packages\\streamlit\\elements\\lib\\utils.py', reloading
2024-10-07 18:20:09,028 -  * Detected change in 'C:\\Users\\Pallav\\AppData\\Local\\Programs\\Python\\Python311\\Lib\\site-packages\\streamlit\\runtime\\state\\__init__.py', reloading
2024-10-07 18:20:09,031 -  * Detected change in 'C:\\Users\\Pallav\\AppData\\Local\\Programs\\Python\\Python311\\Lib\\site-packages\\streamlit\\runtime\\state\\common.py', reloading
2024-10-07 18:20:09,197 -  * Restarting with watchdog (windowsapi)
2024-10-07 18:20:10,596 -  * Debugger is active!
2024-10-07 18:20:10,599 -  * Debugger PIN: 913-570-800
2024-10-07 18:21:48,070 -  * Detected change in 'C:\\Users\\Pallav\\OneDrive\\Desktop\\SMS-Spam-Detector\\spam-detection-service\\python-api\\model_api.py', reloading
2024-10-07 18:21:48,070 -  * Detected change in 'C:\\Users\\Pallav\\OneDrive\\Desktop\\SMS-Spam-Detector\\spam-detection-service\\python-api\\model_api.py', reloading
2024-10-07 18:21:48,071 -  * Detected change in 'C:\\Users\\Pallav\\OneDrive\\Desktop\\SMS-Spam-Detector\\spam-detection-service\\python-api\\model_api.py', reloading
2024-10-07 18:21:48,186 -  * Restarting with watchdog (windowsapi)
2024-10-07 18:21:49,809 -  * Debugger is active!
2024-10-07 18:21:49,812 -  * Debugger PIN: 913-570-800
2024-10-07 18:22:05,657 - [31m[1mWARNING: This is a development server. Do not use it in a production deployment. Use a production WSGI server instead.[0m
 * Running on http://127.0.0.1:5000
2024-10-07 18:22:05,657 - [33mPress CTRL+C to quit[0m
2024-10-07 18:22:05,670 -  * Restarting with watchdog (windowsapi)
2024-10-07 18:22:07,146 -  * Debugger is active!
2024-10-07 18:22:07,149 -  * Debugger PIN: 913-570-800
2024-10-07 18:22:16,116 - Received text: i love you
2024-10-07 18:22:16,138 - Prediction: Not Spam, Probability: 0.0002
2024-10-07 18:22:16,139 - 127.0.0.1 - - [07/Oct/2024 18:22:16] "POST /predict HTTP/1.1" 200 -
2024-10-07 18:22:19,791 - Received text: hii
2024-10-07 18:22:19,797 - Prediction: Spam, Probability: 0.4731
2024-10-07 18:22:19,798 - 127.0.0.1 - - [07/Oct/2024 18:22:19] "POST /predict HTTP/1.1" 200 -
2024-10-07 18:46:38,890 - [31m[1mWARNING: This is a development server. Do not use it in a production deployment. Use a production WSGI server instead.[0m
 * Running on http://127.0.0.1:5000
2024-10-07 18:46:38,890 - [33mPress CTRL+C to quit[0m
2024-10-07 18:46:38,901 -  * Restarting with watchdog (windowsapi)
2024-10-07 18:46:40,366 -  * Debugger is active!
2024-10-07 18:46:40,369 -  * Debugger PIN: 913-570-800
2024-10-07 18:47:20,264 - Received text: hii
2024-10-07 18:47:20,272 - Prediction: Not Spam, Probability: 0.1260
2024-10-07 18:47:20,273 - 127.0.0.1 - - [07/Oct/2024 18:47:20] "POST /predict HTTP/1.1" 200 -
2024-10-07 18:47:25,465 - Received text: hello

2024-10-07 18:47:25,466 - Prediction: Not Spam, Probability: 0.0625
2024-10-07 18:47:25,466 - 127.0.0.1 - - [07/Oct/2024 18:47:25] "POST /predict HTTP/1.1" 200 -
2024-10-07 18:47:50,634 - Received text: cungratulation u won "100000" rs give me your bank details
2024-10-07 18:47:50,637 - Prediction: Not Spam, Probability: 0.0511
2024-10-07 18:47:50,637 - 127.0.0.1 - - [07/Oct/2024 18:47:50] "POST /predict HTTP/1.1" 200 -
2024-10-07 18:48:11,289 - Received text: Congratulations! You've won $1,000,000 in the International Lottery! Click the link to claim your prize: www.fakeprize.com.

2024-10-07 18:48:11,292 - Prediction: Spam, Probability: 0.9046
2024-10-07 18:48:11,292 - 127.0.0.1 - - [07/Oct/2024 18:48:11] "POST /predict HTTP/1.1" 200 -
2024-10-07 18:48:19,025 - Received text: Claim your FREE gift card now! Limited time offer, just click here: www.freegift.com.

2024-10-07 18:48:19,030 - Prediction: Spam, Probability: 0.6959
2024-10-07 18:48:19,030 - 127.0.0.1 - - [07/Oct/2024 18:48:19] "POST /predict HTTP/1.1" 200 -
2024-10-07 18:48:25,798 - Received text: URGENT: Your account has been compromised. Verify your identity immediately by logging in here: www.fakebank.com.

2024-10-07 18:48:25,801 - Prediction: Spam, Probability: 0.6038
2024-10-07 18:48:25,801 - 127.0.0.1 - - [07/Oct/2024 18:48:25] "POST /predict HTTP/1.1" 200 -
2024-10-07 18:48:32,633 - Received text: Work from home and make $5,000 a day! No experience needed! Sign up at www.easycash.com.

2024-10-07 18:48:32,636 - Prediction: Not Spam, Probability: 0.0092
2024-10-07 18:48:32,637 - 127.0.0.1 - - [07/Oct/2024 18:48:32] "POST /predict HTTP/1.1" 200 -
2024-10-07 18:54:17,644 - [31m[1mWARNING: This is a development server. Do not use it in a production deployment. Use a production WSGI server instead.[0m
 * Running on http://127.0.0.1:5000
2024-10-07 18:54:17,644 - [33mPress CTRL+C to quit[0m
2024-10-07 18:54:17,715 -  * Restarting with watchdog (windowsapi)
2024-10-07 18:54:19,256 -  * Debugger is active!
2024-10-07 18:54:19,260 -  * Debugger PIN: 913-570-800
2024-10-07 18:54:39,373 - Received text: Work from home and make $5,000 a day! No experience needed! Sign up at www.easycash.com.

2024-10-07 18:54:39,385 - Prediction: Not Spam, Probability: 0.0092
2024-10-07 18:54:39,385 - 127.0.0.1 - - [07/Oct/2024 18:54:39] "POST /predict HTTP/1.1" 200 -
2024-10-07 18:54:43,983 - Received text: hii
2024-10-07 18:54:43,985 - Prediction: Not Spam, Probability: 0.1260
2024-10-07 18:54:43,985 - 127.0.0.1 - - [07/Oct/2024 18:54:43] "POST /predict HTTP/1.1" 200 -
2024-10-07 18:55:03,733 - Received text: Congratulations! You've won $1,000,000 in the International Lottery! Click the link to claim your prize: www.fakeprize.com.

2024-10-07 18:55:03,737 - Prediction: Spam, Probability: 0.9046
2024-10-07 18:55:03,737 - 127.0.0.1 - - [07/Oct/2024 18:55:03] "POST /predict HTTP/1.1" 200 -
2024-10-07 18:55:12,659 - Received text: Congratulations! You've won $1,000,000 in the International Lottery! Click the link to claim your prize: www.fakeprize.com.

2024-10-07 18:55:12,663 - Prediction: Spam, Probability: 0.9046
2024-10-07 18:55:12,663 - 127.0.0.1 - - [07/Oct/2024 18:55:12] "POST /predict HTTP/1.1" 200 -
2024-10-07 18:55:16,585 - Received text: Congratulations! You've won $1,000,000 in the International Lottery! Click the link to claim your prize: www.fakeprize.com.

2024-10-07 18:55:16,592 - Prediction: Spam, Probability: 0.9046
2024-10-07 18:55:16,592 - 127.0.0.1 - - [07/Oct/2024 18:55:16] "POST /predict HTTP/1.1" 200 -
2024-10-07 18:55:33,409 - Received text: hi
2024-10-07 18:55:33,410 - Prediction: Not Spam, Probability: 0.0533
2024-10-07 18:55:33,411 - 127.0.0.1 - - [07/Oct/2024 18:55:33] "POST /predict HTTP/1.1" 200 -
2024-10-07 18:55:37,578 - Received text: http://localhost:8080/predict
2024-10-07 18:55:37,580 - Prediction: Spam, Probability: 0.6663
2024-10-07 18:55:37,580 - 127.0.0.1 - - [07/Oct/2024 18:55:37] "POST /predict HTTP/1.1" 200 -
2024-10-07 18:55:42,184 - Received text: http://localhost:8080/predict
2024-10-07 18:55:42,186 - Prediction: Spam, Probability: 0.6663
2024-10-07 18:55:42,186 - 127.0.0.1 - - [07/Oct/2024 18:55:42] "POST /predict HTTP/1.1" 200 -
2024-10-07 18:55:44,574 - Received text: http://localhost:8080/predict
2024-10-07 18:55:44,576 - Prediction: Spam, Probability: 0.6663
2024-10-07 18:55:44,576 - 127.0.0.1 - - [07/Oct/2024 18:55:44] "POST /predict HTTP/1.1" 200 -
2024-10-07 18:55:46,689 - Received text: http://localhost:8080/predict
2024-10-07 18:55:46,690 - Prediction: Spam, Probability: 0.6663
2024-10-07 18:55:46,690 - 127.0.0.1 - - [07/Oct/2024 18:55:46] "POST /predict HTTP/1.1" 200 -
2024-10-07 18:55:55,051 - Received text: Congratulations! You've won $1,000,000 in the International Lottery! Click the link to claim your prize: www.fakeprize.com.

2024-10-07 18:55:55,054 - Prediction: Spam, Probability: 0.9046
2024-10-07 18:55:55,054 - 127.0.0.1 - - [07/Oct/2024 18:55:55] "POST /predict HTTP/1.1" 200 -
